{"level":"warn","method":"GET","route":"/products"}
{"level":"warn","method":"POST","route":"/auth/login"}
{"level":"warn","method":"POST","route":"/auth/login"}
{"level":"warn","method":"POST","route":"/auth/login"}
{"level":"warn","method":"POST","route":"/auth/login"}
{"level":"warn","method":"POST","route":"/auth/login"}
{"level":"warn","method":"POST","route":"/auth/register"}
{"level":"warn","method":"POST","route":"/auth/register"}
{"level":"warn","method":"POST","route":"/auth/register"}
{"level":"warn","method":"POST","route":"/auth/register"}
{"level":"warn","method":"POST","route":"/auth/login"}
{"level":"warn","method":"POST","route":"/auth/login"}
{"level":"warn","method":"POST","route":"/auth/login"}
{"level":"warn","method":"POST","parent":{},"route":"/auth/login"}
{"level":"warn","method":"POST","route":"/auth/login"}
{"level":"warn","method":"POST","route":"/auth/login"}
{"level":"warn"}
{"level":"warn"}
{"level":"warn"}
{"level":"warn"}
{"level":"warn"}
{"level":"warn"}
{"level":"warn"}
{"level":"warn"}
{"level":"warn"}
{"level":"warn"}
{"level":"warn"}
{"level":"warn","method":"GET","route":"/images/products/WhatsApp%20Image%202022-08-16%20at%208.54.47%20PM.jpeg"}
{"level":"warn","method":"GET","route":"/images/products/WhatsApp%20Image%202022-08-16%20at%208.54.47%20PM.jpeg"}
{"level":"warn","method":"GET","route":"/images/products/WhatsApp%20Image%202022-08-16%20at%208.54.47%20PM.jpeg"}
{"level":"warn"}
{"level":"warn","method":"GET","route":"/images/products/WhatsApp%20Image%202022-08-16%20at%208.54.47%20PM.jpeg"}
{"level":"warn","method":"GET","route":"/images/products/WhatsApp%20Image%202022-08-16%20at%208.54.47%20PM.jpeg"}
{"level":"warn"}
{"level":"warn","method":"GET","route":"/images/products/WhatsApp%20Image%202022-08-16%20at%208.54.47%20PM.jpeg"}
{"level":"warn"}
{"level":"warn","method":"GET","route":"/images/products/WhatsApp%20Image%202022-08-16%20at%208.54.47%20PM.jpeg"}
{"level":"warn"}
{"level":"warn","method":"GET","route":"/images/products/WhatsApp%20Image%202022-08-16%20at%208.54.47%20PM.jpeg"}
{"level":"warn"}
{"level":"warn","method":"GET","route":"/images/products/WhatsApp%20Image%202022-08-16%20at%208.54.47%20PM.jpeg"}
{"level":"warn"}
{"level":"warn","method":"GET","route":"/images/products/WhatsApp%20Image%202022-08-16%20at%208.54.47%20PM.jpeg"}
{"level":"warn","method":"GET","route":"/panel/scripts/socket.io.min.js.map"}
{"level":"warn","method":"GET","route":"/images/products/WhatsApp"}
{"level":"warn","method":"GET","route":"/images/products/WhatsApp"}
{"level":"warn","method":"GET","route":"/images/products/WhatsApp"}
{"level":"warn","method":"GET","route":"/images/products/WhatsApp"}
{"level":"warn","method":"GET","route":"/images/products/pomelo_15001-11db1e72f3a389542916071101037250-640-0"}
{"level":"warn","method":"GET","route":"/panel/scripts/socket.io.min.js.map"}
{"level":"warn","method":"GET","route":"/images/products/pomelo_15001-11db1e72f3a389542916071101037250-640-0"}
{"level":"warn","method":"GET","route":"/images/products/WhatsApp"}
{"level":"warn","method":"GET","route":"/panel/scripts/socket.io.min.js.map"}
{"level":"warn","method":"GET","route":"/panel/scripts/socket.io.min.js.map"}
{"level":"warn","method":"GET","route":"/panel/scripts/socket.io.min.js.map"}
{"level":"warn","method":"GET","route":"/panel/scripts/socket.io.min.js.map"}
{"level":"warn","method":"GET","route":"/panel/scripts/socket.io.min.js.map"}
{"level":"warn","method":"GET","route":"/panel/scripts/socket.io.min.js.map"}
{"level":"warn","method":"GET","route":"/panel/scripts/socket.io.min.js.map"}
{"level":"warn","method":"GET","route":"/panel/scripts/socket.io.min.js.map"}
{"level":"warn","method":"GET","route":"/panel/scripts/socket.io.min.js.map"}
{"level":"warn","method":"GET","route":"/panel/scripts/socket.io.min.js.map"}
{"level":"warn","method":"GET","route":"/images/products/WhatsApp"}
{"level":"warn","method":"GET","route":"/images/products/pomelo_15001-11db1e72f3a389542916071101037250-640-0"}
{"level":"warn","method":"GET","route":"/panel/scripts/socket.io.min.js.map"}
{"level":"warn","method":"GET","route":"/images/products/WhatsApp"}
{"level":"warn","method":"GET","route":"/images/products/pomelo_15001-11db1e72f3a389542916071101037250-640-0"}
{"level":"warn","method":"GET","route":"/panel/scripts/socket.io.min.js.map"}
{"level":"warn","method":"GET","route":"/panel/scripts/socket.io.min.js.map"}
{"level":"warn","method":"GET","route":"/panel/scripts/socket.io.min.js.map"}
{"level":"warn","method":"GET","route":"/panel/scripts/socket.io.min.js.map"}
{"level":"warn","method":"GET","route":"/panel/scripts/socket.io.min.js.map"}
{"level":"warn","method":"GET","route":"/images/products/WhatsApp"}
{"level":"warn","method":"GET","route":"/images/products/pomelo_15001-11db1e72f3a389542916071101037250-640-0"}
